  Model.cpp
E:\code\OpenGL\HW02\Model.h(53,22): warning C4305: “初始化”: 从“double”到“float”截断
  (编译源文件“Model.cpp”)
  
E:\code\OpenGL\HW02\Model.cpp(37,52): warning C4267: “参数”: 从“size_t”转换到“GLsizei”，可能丢失数据
E:\code\OpenGL\HW02\Model.cpp(78,31): warning C4267: “参数”: 从“size_t”转换到“_Ty”，可能丢失数据
E:\code\OpenGL\HW02\Model.cpp(78,31): warning C4267:         with
E:\code\OpenGL\HW02\Model.cpp(78,31): warning C4267:         [
E:\code\OpenGL\HW02\Model.cpp(78,31): warning C4267:             _Ty=unsigned int
E:\code\OpenGL\HW02\Model.cpp(78,31): warning C4267:         ]
E:\code\OpenGL\HW02\Model.cpp(79,67): warning C4267: “参数”: 从“size_t”转换到“_Ty”，可能丢失数据
E:\code\OpenGL\HW02\Model.cpp(79,67): warning C4267:         with
E:\code\OpenGL\HW02\Model.cpp(79,67): warning C4267:         [
E:\code\OpenGL\HW02\Model.cpp(79,67): warning C4267:             _Ty=unsigned int
E:\code\OpenGL\HW02\Model.cpp(79,67): warning C4267:         ]
E:\code\OpenGL\HW02\Model.cpp(82,31): warning C4267: “参数”: 从“size_t”转换到“_Ty”，可能丢失数据
E:\code\OpenGL\HW02\Model.cpp(82,31): warning C4267:         with
E:\code\OpenGL\HW02\Model.cpp(82,31): warning C4267:         [
E:\code\OpenGL\HW02\Model.cpp(82,31): warning C4267:             _Ty=unsigned int
E:\code\OpenGL\HW02\Model.cpp(82,31): warning C4267:         ]
  正在生成代码
  21 of 1077 functions ( 1.9%) were compiled, the rest were copied from previous compilation.
    0 functions were new in current compilation
    14 functions had inline decision re-evaluated but remain unchanged
  已完成代码的生成
  HW02.vcxproj -> E:\code\OpenGL\HW02\x64\Release\HW02.exe
