e:\code\opengl\hw02\x64\debug\vc143.pdb
e:\code\opengl\hw02\x64\debug\vc143.idb
e:\code\opengl\hw02\x64\debug\shader.obj
e:\code\opengl\hw02\x64\debug\model.obj
e:\code\opengl\hw02\x64\debug\mesh.obj
e:\code\opengl\hw02\x64\debug\main.obj
e:\code\opengl\hw02\x64\debug\camera.obj
e:\code\opengl\hw02\x64\debug\glad.obj
e:\code\opengl\hw02\x64\debug\ball.obj
e:\code\opengl\hw02\x64\debug\utils.obj
e:\code\opengl\hw02\x64\debug\hw02.exe
e:\code\opengl\hw02\x64\debug\hw02.ilk
e:\code\opengl\hw02\x64\debug\hw02.pdb
e:\code\opengl\hw02\x64\debug\hw02.tlog\cl.command.1.tlog
e:\code\opengl\hw02\x64\debug\hw02.tlog\cl.items.tlog
e:\code\opengl\hw02\x64\debug\hw02.tlog\cl.read.1.tlog
e:\code\opengl\hw02\x64\debug\hw02.tlog\cl.write.1.tlog
e:\code\opengl\hw02\x64\debug\hw02.tlog\link-cvtres.read.1.tlog
e:\code\opengl\hw02\x64\debug\hw02.tlog\link-cvtres.write.1.tlog
e:\code\opengl\hw02\x64\debug\hw02.tlog\link-rc.read.1.tlog
e:\code\opengl\hw02\x64\debug\hw02.tlog\link-rc.write.1.tlog
e:\code\opengl\hw02\x64\debug\hw02.tlog\link.47288-cvtres.read.1.tlog
e:\code\opengl\hw02\x64\debug\hw02.tlog\link.47288-cvtres.write.1.tlog
e:\code\opengl\hw02\x64\debug\hw02.tlog\link.47288-rc.read.1.tlog
e:\code\opengl\hw02\x64\debug\hw02.tlog\link.47288-rc.write.1.tlog
e:\code\opengl\hw02\x64\debug\hw02.tlog\link.47288.read.1.tlog
e:\code\opengl\hw02\x64\debug\hw02.tlog\link.47288.read.2.tlog
e:\code\opengl\hw02\x64\debug\hw02.tlog\link.47288.read.3.tlog
e:\code\opengl\hw02\x64\debug\hw02.tlog\link.47288.read.4.tlog
e:\code\opengl\hw02\x64\debug\hw02.tlog\link.47288.read.5.tlog
e:\code\opengl\hw02\x64\debug\hw02.tlog\link.47288.read.6.tlog
e:\code\opengl\hw02\x64\debug\hw02.tlog\link.47288.write.1.tlog
e:\code\opengl\hw02\x64\debug\hw02.tlog\link.command.1.tlog
e:\code\opengl\hw02\x64\debug\hw02.tlog\link.read.1.tlog
e:\code\opengl\hw02\x64\debug\hw02.tlog\link.read.2.tlog
e:\code\opengl\hw02\x64\debug\hw02.tlog\link.read.3.tlog
e:\code\opengl\hw02\x64\debug\hw02.tlog\link.read.4.tlog
e:\code\opengl\hw02\x64\debug\hw02.tlog\link.read.5.tlog
e:\code\opengl\hw02\x64\debug\hw02.tlog\link.read.6.tlog
e:\code\opengl\hw02\x64\debug\hw02.tlog\link.write.1.tlog
